
*** Running vivado
    with args -log top.vds -m64 -product Vivado -mode batch -messageDb vivado.pb -notrace -source top.tcl


ECHO 处于关闭状态。
ECHO 处于关闭状态。

****** Vivado v2023.2 (64-bit)
  **** SW Build 4029153 on Fri Oct 13 20:14:34 MDT 2023
  **** IP Build 4028589 on Sat Oct 14 00:45:43 MDT 2023
  **** SharedData Build 4025554 on Tue Oct 10 17:18:54 MDT 2023
    ** Copyright 1986-2022 Xilinx, Inc. All Rights Reserved.
    ** Copyright 2022-2023 Advanced Micro Devices, Inc. All Rights Reserved.

source top.tcl -notrace
Command: read_checkpoint -auto_incremental -incremental C:/Users/10235/Desktop/Course/DD/Lab9-D/LabC/LabC/lab12.srcs/utils_1/imports/synth_1/top.dcp
INFO: [Vivado 12-5825] Read reference checkpoint from C:/Users/10235/Desktop/Course/DD/Lab9-D/LabC/LabC/lab12.srcs/utils_1/imports/synth_1/top.dcp for incremental synthesis
INFO: [Vivado 12-7989] Please ensure there are no constraint changes
Command: synth_design -top top -part xc7k160tffg676-2L
Starting synth_design
Attempting to get a license for feature 'Synthesis' and/or device 'xc7k160t'
INFO: [Common 17-349] Got license for feature 'Synthesis' and/or device 'xc7k160t'
INFO: [Device 21-403] Loading part xc7k160tffg676-2L
INFO: [Designutils 20-5440] No compile time benefit to using incremental synthesis; A full resynthesis will be run
INFO: [Designutils 20-4379] Flow is switching to default flow due to incremental criteria not met. If you would like to alter this behaviour and have the flow terminate instead, please set the following parameter config_implementation {autoIncr.Synth.RejectBehavior Terminate}
INFO: [Synth 8-7079] Multithreading enabled for synth_design using a maximum of 2 processes.
INFO: [Synth 8-7078] Launching helper process for spawning children vivado processes
WARNING: [Common 17-1361] You have specified a new message control rule that is equivalent to an existing rule with attributes ' -id {17-179}  -suppress '. The existing rule will be replaced.
INFO: [Synth 8-7075] Helper process launched with PID 11360
---------------------------------------------------------------------------------
Starting RTL Elaboration : Time (s): cpu = 00:00:02 ; elapsed = 00:00:04 . Memory (MB): peak = 1350.191 ; gain = 439.664
---------------------------------------------------------------------------------
INFO: [Synth 8-11241] undeclared symbol 'Rm0', assumed default net type 'wire' [C:/Users/10235/Desktop/Course/DD/Lab9-D/LabC/LabC/lab12.srcs/sources_1/new/top.v:27]
INFO: [Synth 8-11241] undeclared symbol 'Rm1', assumed default net type 'wire' [C:/Users/10235/Desktop/Course/DD/Lab9-D/LabC/LabC/lab12.srcs/sources_1/new/top.v:28]
INFO: [Synth 8-11241] undeclared symbol 'Rh0', assumed default net type 'wire' [C:/Users/10235/Desktop/Course/DD/Lab9-D/LabC/LabC/lab12.srcs/sources_1/new/top.v:29]
INFO: [Synth 8-11241] undeclared symbol 'Rh1', assumed default net type 'wire' [C:/Users/10235/Desktop/Course/DD/Lab9-D/LabC/LabC/lab12.srcs/sources_1/new/top.v:30]
INFO: [Synth 8-6157] synthesizing module 'top' [C:/Users/10235/Desktop/Course/DD/Lab9-D/LabC/LabC/lab12.srcs/sources_1/new/top.v:1]
INFO: [Synth 8-6157] synthesizing module 'clk_10ms' [C:/Users/10235/Desktop/Course/DD/Lab9-D/LabC/LabC/lab12.srcs/sources_1/new/clk_10ms.v:3]
INFO: [Synth 8-6155] done synthesizing module 'clk_10ms' (0#1) [C:/Users/10235/Desktop/Course/DD/Lab9-D/LabC/LabC/lab12.srcs/sources_1/new/clk_10ms.v:3]
INFO: [Synth 8-6157] synthesizing module 'clk_100ms' [C:/Users/10235/Desktop/Course/DD/Lab9-D/LabC/LabC/lab12.srcs/sources_1/new/clk_100ms.v:2]
INFO: [Synth 8-6155] done synthesizing module 'clk_100ms' (0#1) [C:/Users/10235/Desktop/Course/DD/Lab9-D/LabC/LabC/lab12.srcs/sources_1/new/clk_100ms.v:2]
INFO: [Synth 8-6157] synthesizing module 'My74LS161' [C:/Users/10235/Desktop/Course/DD/Lab9-D/LabC/LabC/lab12.srcs/sources_1/new/My74LS161.v:41]
INFO: [Synth 8-6155] done synthesizing module 'My74LS161' (0#1) [C:/Users/10235/Desktop/Course/DD/Lab9-D/LabC/LabC/lab12.srcs/sources_1/new/My74LS161.v:41]
WARNING: [Synth 8-7071] port 'CO' of module 'My74LS161' is unconnected for instance 'm0' [C:/Users/10235/Desktop/Course/DD/Lab9-D/LabC/LabC/lab12.srcs/sources_1/new/top.v:32]
WARNING: [Synth 8-7023] instance 'm0' of module 'My74LS161' has 9 connections declared, but only 8 given [C:/Users/10235/Desktop/Course/DD/Lab9-D/LabC/LabC/lab12.srcs/sources_1/new/top.v:32]
WARNING: [Synth 8-7071] port 'CO' of module 'My74LS161' is unconnected for instance 'm1' [C:/Users/10235/Desktop/Course/DD/Lab9-D/LabC/LabC/lab12.srcs/sources_1/new/top.v:38]
WARNING: [Synth 8-7023] instance 'm1' of module 'My74LS161' has 9 connections declared, but only 8 given [C:/Users/10235/Desktop/Course/DD/Lab9-D/LabC/LabC/lab12.srcs/sources_1/new/top.v:38]
WARNING: [Synth 8-7071] port 'CO' of module 'My74LS161' is unconnected for instance 'h0' [C:/Users/10235/Desktop/Course/DD/Lab9-D/LabC/LabC/lab12.srcs/sources_1/new/top.v:45]
WARNING: [Synth 8-7023] instance 'h0' of module 'My74LS161' has 9 connections declared, but only 8 given [C:/Users/10235/Desktop/Course/DD/Lab9-D/LabC/LabC/lab12.srcs/sources_1/new/top.v:45]
WARNING: [Synth 8-7071] port 'CO' of module 'My74LS161' is unconnected for instance 'h1' [C:/Users/10235/Desktop/Course/DD/Lab9-D/LabC/LabC/lab12.srcs/sources_1/new/top.v:52]
WARNING: [Synth 8-7023] instance 'h1' of module 'My74LS161' has 9 connections declared, but only 8 given [C:/Users/10235/Desktop/Course/DD/Lab9-D/LabC/LabC/lab12.srcs/sources_1/new/top.v:52]
INFO: [Synth 8-6157] synthesizing module 'DisplayNumber' [C:/Users/10235/Desktop/Course/DD/Lab9-D/LabC/LabC/lab12.srcs/sources_1/imports/new/DisplayNumber.v:3]
INFO: [Synth 8-6157] synthesizing module 'clkdiv' [C:/Users/10235/Desktop/Course/DD/Lab9-D/LabC/LabC/lab12.srcs/sources_1/imports/new/clkdiv.v:3]
INFO: [Synth 8-6155] done synthesizing module 'clkdiv' (0#1) [C:/Users/10235/Desktop/Course/DD/Lab9-D/LabC/LabC/lab12.srcs/sources_1/imports/new/clkdiv.v:3]
INFO: [Synth 8-6157] synthesizing module 'DisplaySync' [C:/Users/10235/Desktop/Course/DD/Lab9-D/LabC/LabC/lab12.srcs/sources_1/imports/new/DisplaySync.v:3]
INFO: [Synth 8-6157] synthesizing module 'Mux4to1b4' [C:/Users/10235/Desktop/Course/DD/Lab9-D/LabC/LabC/lab12.srcs/sources_1/imports/circuit/Mux4to1b4.v:9]
INFO: [Synth 8-6157] synthesizing module 'Mux4to1' [C:/Users/10235/Desktop/Course/DD/Lab9-D/LabC/LabC/lab12.srcs/sources_1/imports/circuit/Mux4to1.v:9]
INFO: [Synth 8-6157] synthesizing module 'AND_GATE' [C:/Users/10235/Desktop/Course/DD/Lab9-D/LabC/LabC/lab12.srcs/sources_1/imports/gates/AND_GATE.v:9]
	Parameter BubblesMask bound to: 65'b00000000000000000000000000000000000000000000000000000000000000000 
INFO: [Synth 8-6155] done synthesizing module 'AND_GATE' (0#1) [C:/Users/10235/Desktop/Course/DD/Lab9-D/LabC/LabC/lab12.srcs/sources_1/imports/gates/AND_GATE.v:9]
INFO: [Synth 8-6157] synthesizing module 'OR_GATE_4_INPUTS' [C:/Users/10235/Desktop/Course/DD/Lab9-D/LabC/LabC/lab12.srcs/sources_1/imports/gates/OR_GATE_4_INPUTS.v:9]
	Parameter BubblesMask bound to: 65'b00000000000000000000000000000000000000000000000000000000000000000 
INFO: [Synth 8-6155] done synthesizing module 'OR_GATE_4_INPUTS' (0#1) [C:/Users/10235/Desktop/Course/DD/Lab9-D/LabC/LabC/lab12.srcs/sources_1/imports/gates/OR_GATE_4_INPUTS.v:9]
INFO: [Synth 8-6155] done synthesizing module 'Mux4to1' (0#1) [C:/Users/10235/Desktop/Course/DD/Lab9-D/LabC/LabC/lab12.srcs/sources_1/imports/circuit/Mux4to1.v:9]
INFO: [Synth 8-6155] done synthesizing module 'Mux4to1b4' (0#1) [C:/Users/10235/Desktop/Course/DD/Lab9-D/LabC/LabC/lab12.srcs/sources_1/imports/circuit/Mux4to1b4.v:9]
INFO: [Synth 8-6155] done synthesizing module 'DisplaySync' (0#1) [C:/Users/10235/Desktop/Course/DD/Lab9-D/LabC/LabC/lab12.srcs/sources_1/imports/new/DisplaySync.v:3]
WARNING: [Synth 8-689] width (4) of port connection 'point' does not match port width (1) of module 'DisplaySync' [C:/Users/10235/Desktop/Course/DD/Lab9-D/LabC/LabC/lab12.srcs/sources_1/imports/new/DisplayNumber.v:25]
WARNING: [Synth 8-689] width (4) of port connection 'LE' does not match port width (1) of module 'DisplaySync' [C:/Users/10235/Desktop/Course/DD/Lab9-D/LabC/LabC/lab12.srcs/sources_1/imports/new/DisplayNumber.v:26]
INFO: [Synth 8-6157] synthesizing module 'MyMC14495' [C:/Users/10235/Desktop/Course/DD/Lab9-D/LabC/LabC/lab12.srcs/sources_1/imports/new/MyMC14495.v:23]
INFO: [Synth 8-6155] done synthesizing module 'MyMC14495' (0#1) [C:/Users/10235/Desktop/Course/DD/Lab9-D/LabC/LabC/lab12.srcs/sources_1/imports/new/MyMC14495.v:23]
WARNING: [Synth 8-689] width (4) of port connection 'LE' does not match port width (1) of module 'MyMC14495' [C:/Users/10235/Desktop/Course/DD/Lab9-D/LabC/LabC/lab12.srcs/sources_1/imports/new/DisplayNumber.v:29]
WARNING: [Synth 8-689] width (4) of port connection 'point' does not match port width (1) of module 'MyMC14495' [C:/Users/10235/Desktop/Course/DD/Lab9-D/LabC/LabC/lab12.srcs/sources_1/imports/new/DisplayNumber.v:29]
INFO: [Synth 8-6155] done synthesizing module 'DisplayNumber' (0#1) [C:/Users/10235/Desktop/Course/DD/Lab9-D/LabC/LabC/lab12.srcs/sources_1/imports/new/DisplayNumber.v:3]
INFO: [Synth 8-6155] done synthesizing module 'top' (0#1) [C:/Users/10235/Desktop/Course/DD/Lab9-D/LabC/LabC/lab12.srcs/sources_1/new/top.v:1]
WARNING: [Synth 8-7137] Register Q_reg_reg in module My74LS161 has both Set and reset with same priority. This may cause simulation mismatches. Consider rewriting code  [C:/Users/10235/Desktop/Course/DD/Lab9-D/LabC/LabC/lab12.srcs/sources_1/new/My74LS161.v:57]
---------------------------------------------------------------------------------
Finished RTL Elaboration : Time (s): cpu = 00:00:04 ; elapsed = 00:00:06 . Memory (MB): peak = 1459.836 ; gain = 549.309
---------------------------------------------------------------------------------
---------------------------------------------------------------------------------
Start Handling Custom Attributes
---------------------------------------------------------------------------------
---------------------------------------------------------------------------------
Finished Handling Custom Attributes : Time (s): cpu = 00:00:04 ; elapsed = 00:00:06 . Memory (MB): peak = 1459.836 ; gain = 549.309
---------------------------------------------------------------------------------
---------------------------------------------------------------------------------
Finished RTL Optimization Phase 1 : Time (s): cpu = 00:00:04 ; elapsed = 00:00:06 . Memory (MB): peak = 1459.836 ; gain = 549.309
---------------------------------------------------------------------------------
Netlist sorting complete. Time (s): cpu = 00:00:00 ; elapsed = 00:00:00.002 . Memory (MB): peak = 1459.836 ; gain = 0.000
INFO: [Project 1-570] Preparing netlist for logic optimization

Processing XDC Constraints
Initializing timing engine
Parsing XDC File [C:/Users/10235/Desktop/Course/DD/Lab9-D/LabC/LabC/lab12.srcs/constrs_1/imports/SoftWare/constraints_lab8.xdc]
Finished Parsing XDC File [C:/Users/10235/Desktop/Course/DD/Lab9-D/LabC/LabC/lab12.srcs/constrs_1/imports/SoftWare/constraints_lab8.xdc]
INFO: [Project 1-236] Implementation specific constraints were found while reading constraint file [C:/Users/10235/Desktop/Course/DD/Lab9-D/LabC/LabC/lab12.srcs/constrs_1/imports/SoftWare/constraints_lab8.xdc]. These constraints will be ignored for synthesis but will be used in implementation. Impacted constraints are listed in the file [.Xil/top_propImpl.xdc].
Resolution: To avoid this warning, move constraints listed in [.Xil/top_propImpl.xdc] to another XDC file and exclude this new file from synthesis with the used_in_synthesis property (File Properties dialog in GUI) and re-run elaboration/synthesis.
Completed Processing XDC Constraints

Netlist sorting complete. Time (s): cpu = 00:00:00 ; elapsed = 00:00:00.001 . Memory (MB): peak = 1494.301 ; gain = 0.000
INFO: [Project 1-111] Unisim Transformation Summary:
No Unisim elements were transformed.

系统找不到指定的路径。
Constraint Validation Runtime : Time (s): cpu = 00:00:00 ; elapsed = 00:00:00.002 . Memory (MB): peak = 1494.301 ; gain = 0.000
INFO: [Designutils 20-5440] No compile time benefit to using incremental synthesis; A full resynthesis will be run
INFO: [Designutils 20-4379] Flow is switching to default flow due to incremental criteria not met. If you would like to alter this behaviour and have the flow terminate instead, please set the following parameter config_implementation {autoIncr.Synth.RejectBehavior Terminate}
---------------------------------------------------------------------------------
Finished Constraint Validation : Time (s): cpu = 00:00:07 ; elapsed = 00:00:12 . Memory (MB): peak = 1494.301 ; gain = 583.773
---------------------------------------------------------------------------------
---------------------------------------------------------------------------------
Start Loading Part and Timing Information
---------------------------------------------------------------------------------
Loading part: xc7k160tffg676-2L
---------------------------------------------------------------------------------
Finished Loading Part and Timing Information : Time (s): cpu = 00:00:07 ; elapsed = 00:00:12 . Memory (MB): peak = 1494.301 ; gain = 583.773
---------------------------------------------------------------------------------
---------------------------------------------------------------------------------
Start Applying 'set_property' XDC Constraints
---------------------------------------------------------------------------------
---------------------------------------------------------------------------------
Finished applying 'set_property' XDC Constraints : Time (s): cpu = 00:00:07 ; elapsed = 00:00:12 . Memory (MB): peak = 1494.301 ; gain = 583.773
---------------------------------------------------------------------------------
---------------------------------------------------------------------------------
Finished RTL Optimization Phase 2 : Time (s): cpu = 00:00:07 ; elapsed = 00:00:12 . Memory (MB): peak = 1494.301 ; gain = 583.773
---------------------------------------------------------------------------------
---------------------------------------------------------------------------------
Start RTL Component Statistics 
---------------------------------------------------------------------------------
Detailed RTL Component Info : 
+---Adders : 
	   2 Input    4 Bit       Adders := 4     
+---Registers : 
	                4 Bit    Registers := 4     
	                1 Bit    Registers := 2     
+---Muxes : 
	   2 Input    4 Bit        Muxes := 16    
	   2 Input    1 Bit        Muxes := 5     
---------------------------------------------------------------------------------
Finished RTL Component Statistics 
---------------------------------------------------------------------------------
---------------------------------------------------------------------------------
Start Part Resource Summary
---------------------------------------------------------------------------------
Part Resources:
DSPs: 600 (col length:100)
BRAMs: 650 (col length: RAMB18 100 RAMB36 50)
---------------------------------------------------------------------------------
Finished Part Resource Summary
---------------------------------------------------------------------------------
---------------------------------------------------------------------------------
Start Cross Boundary and Area Optimization
---------------------------------------------------------------------------------
WARNING: [Synth 8-7080] Parallel synthesis criteria is not met
---------------------------------------------------------------------------------
Finished Cross Boundary and Area Optimization : Time (s): cpu = 00:00:08 ; elapsed = 00:00:14 . Memory (MB): peak = 1494.301 ; gain = 583.773
---------------------------------------------------------------------------------
---------------------------------------------------------------------------------
Start Applying XDC Timing Constraints
---------------------------------------------------------------------------------
---------------------------------------------------------------------------------
Finished Applying XDC Timing Constraints : Time (s): cpu = 00:00:11 ; elapsed = 00:00:18 . Memory (MB): peak = 1494.301 ; gain = 583.773
---------------------------------------------------------------------------------
---------------------------------------------------------------------------------
Start Timing Optimization
---------------------------------------------------------------------------------
---------------------------------------------------------------------------------
Finished Timing Optimization : Time (s): cpu = 00:00:11 ; elapsed = 00:00:18 . Memory (MB): peak = 1494.301 ; gain = 583.773
---------------------------------------------------------------------------------
---------------------------------------------------------------------------------
Start Technology Mapping
---------------------------------------------------------------------------------
---------------------------------------------------------------------------------
Finished Technology Mapping : Time (s): cpu = 00:00:11 ; elapsed = 00:00:18 . Memory (MB): peak = 1494.301 ; gain = 583.773
---------------------------------------------------------------------------------
---------------------------------------------------------------------------------
Start IO Insertion
---------------------------------------------------------------------------------
---------------------------------------------------------------------------------
Start Flattening Before IO Insertion
---------------------------------------------------------------------------------
---------------------------------------------------------------------------------
Finished Flattening Before IO Insertion
---------------------------------------------------------------------------------
---------------------------------------------------------------------------------
Start Final Netlist Cleanup
---------------------------------------------------------------------------------
---------------------------------------------------------------------------------
Finished Final Netlist Cleanup
---------------------------------------------------------------------------------
---------------------------------------------------------------------------------
Finished IO Insertion : Time (s): cpu = 00:00:12 ; elapsed = 00:00:22 . Memory (MB): peak = 1494.301 ; gain = 583.773
---------------------------------------------------------------------------------
---------------------------------------------------------------------------------
Start Renaming Generated Instances
---------------------------------------------------------------------------------
---------------------------------------------------------------------------------
Finished Renaming Generated Instances : Time (s): cpu = 00:00:12 ; elapsed = 00:00:22 . Memory (MB): peak = 1494.301 ; gain = 583.773
---------------------------------------------------------------------------------
---------------------------------------------------------------------------------
Start Rebuilding User Hierarchy
---------------------------------------------------------------------------------
---------------------------------------------------------------------------------
Finished Rebuilding User Hierarchy : Time (s): cpu = 00:00:12 ; elapsed = 00:00:22 . Memory (MB): peak = 1494.301 ; gain = 583.773
---------------------------------------------------------------------------------
---------------------------------------------------------------------------------
Start Renaming Generated Ports
---------------------------------------------------------------------------------
---------------------------------------------------------------------------------
Finished Renaming Generated Ports : Time (s): cpu = 00:00:12 ; elapsed = 00:00:22 . Memory (MB): peak = 1494.301 ; gain = 583.773
---------------------------------------------------------------------------------
---------------------------------------------------------------------------------
Start Handling Custom Attributes
---------------------------------------------------------------------------------
---------------------------------------------------------------------------------
Finished Handling Custom Attributes : Time (s): cpu = 00:00:12 ; elapsed = 00:00:22 . Memory (MB): peak = 1494.301 ; gain = 583.773
---------------------------------------------------------------------------------
---------------------------------------------------------------------------------
Start Renaming Generated Nets
---------------------------------------------------------------------------------
---------------------------------------------------------------------------------
Finished Renaming Generated Nets : Time (s): cpu = 00:00:12 ; elapsed = 00:00:22 . Memory (MB): peak = 1494.301 ; gain = 583.773
---------------------------------------------------------------------------------
---------------------------------------------------------------------------------
Start Writing Synthesis Report
---------------------------------------------------------------------------------

Report BlackBoxes: 
+-+--------------+----------+
| |BlackBox name |Instances |
+-+--------------+----------+
+-+--------------+----------+

Report Cell Usage: 
+------+-------+------+
|      |Cell   |Count |
+------+-------+------+
|1     |BUFG   |     1|
|2     |CARRY4 |    16|
|3     |LUT1   |     6|
|4     |LUT2   |     7|
|5     |LUT3   |     6|
|6     |LUT4   |    16|
|7     |LUT5   |     6|
|8     |LUT6   |    10|
|9     |FDCE   |    13|
|10    |FDPE   |     3|
|11    |FDRE   |    63|
|12    |IBUF   |     3|
|13    |OBUF   |    12|
+------+-------+------+
---------------------------------------------------------------------------------
Finished Writing Synthesis Report : Time (s): cpu = 00:00:12 ; elapsed = 00:00:22 . Memory (MB): peak = 1494.301 ; gain = 583.773
---------------------------------------------------------------------------------
Synthesis finished with 0 errors, 0 critical warnings and 1 warnings.
Synthesis Optimization Runtime : Time (s): cpu = 00:00:08 ; elapsed = 00:00:20 . Memory (MB): peak = 1494.301 ; gain = 549.309
Synthesis Optimization Complete : Time (s): cpu = 00:00:12 ; elapsed = 00:00:22 . Memory (MB): peak = 1494.301 ; gain = 583.773
INFO: [Project 1-571] Translating synthesized netlist
Netlist sorting complete. Time (s): cpu = 00:00:00 ; elapsed = 00:00:00.001 . Memory (MB): peak = 1494.301 ; gain = 0.000
INFO: [Netlist 29-17] Analyzing 16 Unisim elements for replacement
INFO: [Netlist 29-28] Unisim Transformation completed in 0 CPU seconds
INFO: [Project 1-570] Preparing netlist for logic optimization
INFO: [Opt 31-138] Pushed 0 inverter(s) to 0 load pin(s).
Netlist sorting complete. Time (s): cpu = 00:00:00 ; elapsed = 00:00:00 . Memory (MB): peak = 1494.301 ; gain = 0.000
INFO: [Project 1-111] Unisim Transformation Summary:
No Unisim elements were transformed.

系统找不到指定的路径。
Synth Design complete | Checksum: 2fe032c1
INFO: [Common 17-83] Releasing license: Synthesis
49 Infos, 15 Warnings, 0 Critical Warnings and 0 Errors encountered.
synth_design completed successfully
synth_design: Time (s): cpu = 00:00:15 ; elapsed = 00:00:26 . Memory (MB): peak = 1494.301 ; gain = 1005.105
Write ShapeDB Complete: Time (s): cpu = 00:00:00 ; elapsed = 00:00:00.002 . Memory (MB): peak = 1494.301 ; gain = 0.000
INFO: [Common 17-1381] The checkpoint 'C:/Users/10235/Desktop/Course/DD/Lab9-D/LabC/LabC/lab12.runs/synth_1/top.dcp' has been generated.
INFO: [runtcl-4] Executing : report_utilization -file top_utilization_synth.rpt -pb top_utilization_synth.pb
INFO: [Common 17-206] Exiting Vivado at Thu May 30 15:46:51 2024...
